
Presolve eliminates 2794 constraints and 1969 variables.
Adjusted problem:
1007 variables:
	118 binary variables
	57 integer variables
	832 linear variables
956 constraints, all linear; 4757 nonzeros
	415 equality constraints
	541 inequality constraints
1 linear objective; 1 nonzero.

Setting $presolve_inteps < 3.73e-10 could change presolve results.

Setting $presolve_fixeps >= 1.01e-13 could change presolve results.

Gurobi 12.0.3: Set parameter LogToConsole to value 1
  tech:outlev = 1

AMPL MP initial flat model has 1007 variables (57 integer, 118 binary);
Objectives: 1 linear; 
Constraints:  956 linear;

AMPL MP final model has 1007 variables (57 integer, 118 binary);
Objectives: 1 linear; 
Constraints:  956 linear;


Set parameter InfUnbdInfo to value 1
Gurobi Optimizer version 12.0.3 build v12.0.3rc0 (mac64[arm] - Darwin 24.6.0 24G84)

CPU model: Apple M4
Thread count: 10 physical cores, 10 logical processors, using up to 10 threads

Non-default parameters:
InfUnbdInfo  1

Optimize a model with 956 rows, 1007 columns and 4757 nonzeros
Model fingerprint: 0x89fcd842
Variable types: 832 continuous, 175 integer (0 binary)
Coefficient statistics:
  Matrix range     [2e-03, 3e+05]
  Objective range  [1e+00, 1e+00]
  Bounds range     [4e-01, 1e+08]
  RHS range        [1e+00, 1e+05]

User MIP start did not produce a new incumbent solution
User MIP start violates constraint R525 by 39.023744292

Presolve removed 622 rows and 688 columns
Presolve time: 0.01s
Presolved: 334 rows, 319 columns, 1811 nonzeros
Variable types: 280 continuous, 39 integer (24 binary)
Found heuristic solution: objective 29840.986739

Root relaxation: objective 2.635611e+04, 240 iterations, 0.00 seconds (0.00 work units)

    Nodes    |    Current Node    |     Objective Bounds      |     Work
 Expl Unexpl |  Obj  Depth IntInf | Incumbent    BestBd   Gap | It/Node Time

*    0     0               0    26356.112227 26356.1122  0.00%     -    0s

Explored 1 nodes (240 simplex iterations) in 0.02 seconds (0.01 work units)
Thread count was 10 (of 10 available processors)

Solution count 2: 26356.1 29841 

Optimal solution found (tolerance 1.00e-04)
Best objective 2.635611222686e+04, best bound 2.635611222686e+04, gap 0.0000%
Gurobi 12.0.3: optimal solution; objective 26356.11223
240 simplex iterations
1 branching node
absmipgap=3.63798e-12, relmipgap=0
