
Presolve eliminates 2809 constraints and 1986 variables.
Adjusted problem:
990 variables:
	118 binary variables
	55 integer variables
	817 linear variables
940 constraints, all linear; 5032 nonzeros
	424 equality constraints
	516 inequality constraints
1 linear objective; 1 nonzero.

Setting $presolve_inteps < 3.73e-10 could change presolve results.

Setting $presolve_fixeps >= 1.01e-13 could change presolve results.

Gurobi 12.0.3: Set parameter LogToConsole to value 1
  tech:outlev = 1

AMPL MP initial flat model has 990 variables (55 integer, 118 binary);
Objectives: 1 linear; 
Constraints:  940 linear;

AMPL MP final model has 990 variables (55 integer, 118 binary);
Objectives: 1 linear; 
Constraints:  940 linear;


Set parameter InfUnbdInfo to value 1
Gurobi Optimizer version 12.0.3 build v12.0.3rc0 (mac64[arm] - Darwin 24.6.0 24G84)

CPU model: Apple M4
Thread count: 10 physical cores, 10 logical processors, using up to 10 threads

Non-default parameters:
InfUnbdInfo  1

Optimize a model with 940 rows, 990 columns and 5032 nonzeros
Model fingerprint: 0xf80b4639
Variable types: 817 continuous, 173 integer (0 binary)
Coefficient statistics:
  Matrix range     [2e-03, 3e+05]
  Objective range  [1e+00, 1e+00]
  Bounds range     [9e-01, 1e+08]
  RHS range        [1e+00, 6e+04]

User MIP start did not produce a new incumbent solution
User MIP start violates constraint R499 by 49.041095890

Presolve removed 681 rows and 732 columns
Presolve time: 0.00s
Presolved: 259 rows, 258 columns, 1746 nonzeros
Variable types: 233 continuous, 25 integer (12 binary)

Root relaxation: infeasible, 67 iterations, 0.00 seconds (0.00 work units)

    Nodes    |    Current Node    |     Objective Bounds      |     Work
 Expl Unexpl |  Obj  Depth IntInf | Incumbent    BestBd   Gap | It/Node Time

     0     0 infeasible    0               - infeasible      -     -    0s

Explored 1 nodes (67 simplex iterations) in 0.00 seconds (0.01 work units)
Thread count was 10 (of 10 available processors)

Solution count 0

Model is infeasible
Best objective -, best bound -, gap -
Gurobi 12.0.3: infeasible problem
67 simplex iterations
1 branching node

suffix dunbdd OUT;
