
Presolve eliminates 2790 constraints and 1969 variables.
Adjusted problem:
1007 variables:
	118 binary variables
	57 integer variables
	832 linear variables
959 constraints, all linear; 5357 nonzeros
	415 equality constraints
	544 inequality constraints
1 linear objective; 1 nonzero.

Setting $presolve_inteps < 3.73e-10 could change presolve results.

Setting $presolve_fixeps >= 1.01e-13 could change presolve results.

Gurobi 12.0.3: Set parameter LogToConsole to value 1
  tech:outlev = 1

AMPL MP initial flat model has 1007 variables (57 integer, 118 binary);
Objectives: 1 linear; 
Constraints:  959 linear;

AMPL MP final model has 1007 variables (57 integer, 118 binary);
Objectives: 1 linear; 
Constraints:  959 linear;


Set parameter InfUnbdInfo to value 1
Gurobi Optimizer version 12.0.3 build v12.0.3rc0 (mac64[arm] - Darwin 24.6.0 24G84)

CPU model: Apple M4
Thread count: 10 physical cores, 10 logical processors, using up to 10 threads

Non-default parameters:
InfUnbdInfo  1

Optimize a model with 959 rows, 1007 columns and 5357 nonzeros
Model fingerprint: 0x5421c3e6
Variable types: 832 continuous, 175 integer (0 binary)
Coefficient statistics:
  Matrix range     [2e-03, 3e+05]
  Objective range  [1e+00, 1e+00]
  Bounds range     [4e-01, 1e+10]
  RHS range        [1e+00, 6e+04]
Warning: Model contains large bounds
         Consider reformulating model or setting NumericFocus parameter
         to avoid numerical issues.

User MIP start did not produce a new incumbent solution
User MIP start violates constraint R527 by 39.023744292

Presolve removed 625 rows and 691 columns
Presolve time: 0.00s
Presolved: 334 rows, 316 columns, 2186 nonzeros
Variable types: 277 continuous, 39 integer (24 binary)
Found heuristic solution: objective 30578.728697

Root relaxation: objective 2.692452e+04, 277 iterations, 0.00 seconds (0.00 work units)
Another try with MIP start

    Nodes    |    Current Node    |     Objective Bounds      |     Work
 Expl Unexpl |  Obj  Depth IntInf | Incumbent    BestBd   Gap | It/Node Time

H    0     0                    26924.517408 26924.5174  0.00%     -    0s
     0     0 26924.5174    0    4 26924.5174 26924.5174  0.00%     -    0s

Explored 1 nodes (277 simplex iterations) in 0.01 seconds (0.01 work units)
Thread count was 10 (of 10 available processors)

Solution count 2: 26924.5 30578.7 

Optimal solution found (tolerance 1.00e-04)
Best objective 2.692451740796e+04, best bound 2.692451740796e+04, gap 0.0000%
Gurobi 12.0.3: optimal solution; objective 26924.51741
277 simplex iterations
1 branching node
