
Presolve eliminates 2775 constraints and 1943 variables.
Adjusted problem:
1033 variables:
	118 binary variables
	57 integer variables
	858 linear variables
974 constraints, all linear; 5530 nonzeros
	429 equality constraints
	545 inequality constraints
1 linear objective; 1 nonzero.

Setting $presolve_inteps < 3.73e-10 could change presolve results.

Setting $presolve_fixeps >= 1.01e-13 could change presolve results.

Gurobi 12.0.3: Set parameter LogToConsole to value 1
  tech:outlev = 1

AMPL MP initial flat model has 1033 variables (57 integer, 118 binary);
Objectives: 1 linear; 
Constraints:  974 linear;

AMPL MP final model has 1033 variables (57 integer, 118 binary);
Objectives: 1 linear; 
Constraints:  974 linear;


Set parameter InfUnbdInfo to value 1
Gurobi Optimizer version 12.0.3 build v12.0.3rc0 (mac64[arm] - Darwin 24.6.0 24G84)

CPU model: Apple M4
Thread count: 10 physical cores, 10 logical processors, using up to 10 threads

Non-default parameters:
InfUnbdInfo  1

Optimize a model with 974 rows, 1033 columns and 5530 nonzeros
Model fingerprint: 0x1389830d
Variable types: 858 continuous, 175 integer (0 binary)
Coefficient statistics:
  Matrix range     [2e-03, 3e+05]
  Objective range  [1e+00, 1e+00]
  Bounds range     [4e-01, 1e+10]
  RHS range        [1e+00, 6e+04]
Warning: Model contains large bounds
         Consider reformulating model or setting NumericFocus parameter
         to avoid numerical issues.

User MIP start did not produce a new incumbent solution
User MIP start violates constraint R528 by 49.041095890

Presolve removed 639 rows and 705 columns
Presolve time: 0.00s
Presolved: 335 rows, 328 columns, 2295 nonzeros
Variable types: 289 continuous, 39 integer (24 binary)
Found heuristic solution: objective 42398.953494

Root relaxation: objective 3.831053e+04, 293 iterations, 0.00 seconds (0.00 work units)
Another try with MIP start

    Nodes    |    Current Node    |     Objective Bounds      |     Work
 Expl Unexpl |  Obj  Depth IntInf | Incumbent    BestBd   Gap | It/Node Time

H    0     0                    38310.532863 38310.5329  0.00%     -    0s
     0     0 38310.5329    0    5 38310.5329 38310.5329  0.00%     -    0s

Explored 1 nodes (293 simplex iterations) in 0.01 seconds (0.01 work units)
Thread count was 10 (of 10 available processors)

Solution count 2: 38310.5 42399 

Optimal solution found (tolerance 1.00e-04)
Best objective 3.831053286339e+04, best bound 3.831053286339e+04, gap 0.0000%
Gurobi 12.0.3: optimal solution; objective 38310.53286
293 simplex iterations
1 branching node
