
Presolve eliminates 2794 constraints and 1948 variables.
Adjusted problem:
1028 variables:
	118 binary variables
	56 integer variables
	854 linear variables
956 constraints, all linear; 4858 nonzeros
	425 equality constraints
	531 inequality constraints
1 linear objective; 1 nonzero.

Setting $presolve_inteps < 3.73e-10 could change presolve results.

Setting $presolve_fixeps >= 1.01e-13 could change presolve results.

Gurobi 12.0.3: Set parameter LogToConsole to value 1
  tech:outlev = 1

AMPL MP initial flat model has 1028 variables (56 integer, 118 binary);
Objectives: 1 linear; 
Constraints:  956 linear;

AMPL MP final model has 1028 variables (56 integer, 118 binary);
Objectives: 1 linear; 
Constraints:  956 linear;


Set parameter InfUnbdInfo to value 1
Gurobi Optimizer version 12.0.3 build v12.0.3rc0 (mac64[arm] - Darwin 24.6.0 24G84)

CPU model: Apple M4
Thread count: 10 physical cores, 10 logical processors, using up to 10 threads

Non-default parameters:
InfUnbdInfo  1

Optimize a model with 956 rows, 1028 columns and 4858 nonzeros
Model fingerprint: 0x21434647
Variable types: 854 continuous, 174 integer (0 binary)
Coefficient statistics:
  Matrix range     [2e-03, 3e+05]
  Objective range  [1e+00, 1e+00]
  Bounds range     [4e-01, 1e+10]
  RHS range        [1e+00, 1e+05]
Warning: Model contains large bounds
         Consider reformulating model or setting NumericFocus parameter
         to avoid numerical issues.

User MIP start did not produce a new incumbent solution
User MIP start violates constraint R515 by 51.963470320

Presolve removed 635 rows and 701 columns
Presolve time: 0.01s
Presolved: 321 rows, 327 columns, 1802 nonzeros
Variable types: 289 continuous, 38 integer (24 binary)
Found heuristic solution: objective 36246.103292

Root relaxation: objective 3.281910e+04, 178 iterations, 0.00 seconds (0.00 work units)

    Nodes    |    Current Node    |     Objective Bounds      |     Work
 Expl Unexpl |  Obj  Depth IntInf | Incumbent    BestBd   Gap | It/Node Time

*    0     0               0    32819.100011 32819.1000  0.00%     -    0s

Explored 1 nodes (178 simplex iterations) in 0.02 seconds (0.01 work units)
Thread count was 10 (of 10 available processors)

Solution count 2: 32819.1 36246.1 

Optimal solution found (tolerance 1.00e-04)
Best objective 3.281910001082e+04, best bound 3.281910001082e+04, gap 0.0000%
Gurobi 12.0.3: optimal solution; objective 32819.10001
178 simplex iterations
1 branching node
